<?xml version="1.0" encoding="UTF-8"?>
<!-- Generated by org.testng.reporters.JUnitReportReporter -->
<testsuite hostname="MX-CHN-LT060" failures="0" tests="1" name="com.test.pages.UsernamePassword" time="4.370" errors="0" timestamp="2023-05-08T16:27:46 IST" skipped="0">
  <testcase classname="com.test.pages.UsernamePassword" name="login" time="4.370"/>
  <system-out/>
</testsuite> <!-- com.test.pages.UsernamePassword -->
