<?xml version="1.0" encoding="UTF-8"?>
<!-- Generated by org.testng.reporters.JUnitReportReporter -->
<testsuite hostname="MX-CHN-LT060" failures="0" tests="1" name="com.test.testcases.TC001LogIn" time="1.855" errors="0" timestamp="2023-05-08T16:55:29 IST" skipped="0">
  <testcase classname="com.test.testcases.TC001LogIn" name="run" time="1.855"/>
  <system-out/>
</testsuite> <!-- com.test.testcases.TC001LogIn -->
